<?xml version="1.0" encoding="UTF-8"?>
<!-- Generated by org.testng.reporters.JUnitReportReporter -->
<testsuite hostname="DESKTOP-6HHFO4Q" failures="0" tests="15" name="com.emicalculator.tests.HomePageTest" time="9.791" errors="0" timestamp="2022-01-09T13:43:11 CST" skipped="0">
  <testcase classname="com.emicalculator.tests.HomePageTest" name="homeLoanDataTest" time="0.897"/>
  <system-out/>
  <testcase classname="com.emicalculator.tests.HomePageTest" name="homeLoanDataTest" time="0.881"/>
  <system-out/>
  <testcase classname="com.emicalculator.tests.HomePageTest" name="homeLoanDataTest" time="0.958"/>
  <system-out/>
  <testcase classname="com.emicalculator.tests.HomePageTest" name="homeLoanDataTest" time="0.580"/>
  <system-out/>
  <testcase classname="com.emicalculator.tests.HomePageTest" name="homeLoanDataTest" time="1.270"/>
  <system-out/>
  <testcase classname="com.emicalculator.tests.HomePageTest" name="personalLoanDataTest" time="0.518"/>
  <system-out/>
  <testcase classname="com.emicalculator.tests.HomePageTest" name="personalLoanDataTest" time="0.520"/>
  <system-out/>
  <testcase classname="com.emicalculator.tests.HomePageTest" name="personalLoanDataTest" time="0.610"/>
  <system-out/>
  <testcase classname="com.emicalculator.tests.HomePageTest" name="personalLoanDataTest" time="0.484"/>
  <system-out/>
  <testcase classname="com.emicalculator.tests.HomePageTest" name="personalLoanDataTest" time="0.540"/>
  <system-out/>
  <testcase classname="com.emicalculator.tests.HomePageTest" name="carLoanDataTest" time="0.481"/>
  <system-out/>
  <testcase classname="com.emicalculator.tests.HomePageTest" name="carLoanDataTest" time="0.581"/>
  <system-out/>
  <testcase classname="com.emicalculator.tests.HomePageTest" name="carLoanDataTest" time="0.490"/>
  <system-out/>
  <testcase classname="com.emicalculator.tests.HomePageTest" name="carLoanDataTest" time="0.452"/>
  <system-out/>
  <testcase classname="com.emicalculator.tests.HomePageTest" name="carLoanDataTest" time="0.529"/>
  <system-out/>
</testsuite> <!-- com.emicalculator.tests.HomePageTest -->
